2017-11-28 21:52:49,698 - __main__ - DEBUG - Exchange: ETR
2017-11-28 21:52:50,932 - __main__ - INFO - Instrument: ETR : BMW | Start: 2017-11-28 21:52:50 | End: 2017-11-28 21:52:50
2017-11-28 21:52:50,932 - __main__ - DEBUG - Rows affected: 507
2017-11-28 21:52:51,260 - __main__ - INFO - Instrument: ETR : DTE | Start: 2017-11-28 21:52:50 | End: 2017-11-28 21:52:50
2017-11-28 21:52:51,261 - __main__ - DEBUG - Rows affected: 480
2017-11-28 21:52:51,678 - __main__ - INFO - Instrument: ETR : DBK | Start: 2017-11-28 21:52:50 | End: 2017-11-28 21:52:50
2017-11-28 21:52:51,678 - __main__ - DEBUG - Rows affected: 505
2017-11-28 21:52:52,040 - __main__ - INFO - Instrument: ETR : DPW | Start: 2017-11-28 21:52:50 | End: 2017-11-28 21:52:50
2017-11-28 21:52:52,041 - __main__ - DEBUG - Rows affected: 488
2017-11-28 21:52:52,398 - __main__ - INFO - Instrument: ETR : ALV | Start: 2017-11-28 21:52:50 | End: 2017-11-28 21:52:50
2017-11-28 21:52:52,398 - __main__ - DEBUG - Rows affected: 498
2017-11-28 21:52:52,745 - __main__ - INFO - Instrument: ETR : BAYN | Start: 2017-11-28 21:52:50 | End: 2017-11-28 21:52:50
2017-11-28 21:52:52,745 - __main__ - DEBUG - Rows affected: 415
2017-11-28 21:52:53,110 - __main__ - INFO - Instrument: ETR : FRE | Start: 2017-11-28 21:52:50 | End: 2017-11-28 21:52:50
2017-11-28 21:52:53,110 - __main__ - DEBUG - Rows affected: 503
2017-11-28 21:52:53,359 - __main__ - INFO - Instrument: ETR : N4G | Start: 2017-11-28 21:52:50 | End: 2017-11-28 21:52:50
2017-11-28 21:52:53,359 - __main__ - DEBUG - Rows affected: 25
2017-11-28 21:52:53,700 - __main__ - INFO - Instrument: ETR : SIE | Start: 2017-11-28 21:52:50 | End: 2017-11-28 21:52:50
2017-11-28 21:52:53,701 - __main__ - DEBUG - Rows affected: 464
2017-11-28 21:52:54,052 - __main__ - INFO - Instrument: ETR : BAS | Start: 2017-11-28 21:52:50 | End: 2017-11-28 21:52:50
2017-11-28 21:52:54,052 - __main__ - DEBUG - Rows affected: 499
2017-11-28 21:52:54,361 - __main__ - INFO - Instrument: ETR : EVT | Start: 2017-11-28 21:52:50 | End: 2017-11-28 21:52:50
2017-11-28 21:52:54,361 - __main__ - DEBUG - Rows affected: 422
2017-11-28 21:52:54,727 - __main__ - INFO - Instrument: ETR : DB1 | Start: 2017-11-28 21:52:50 | End: 2017-11-28 21:52:50
2017-11-28 21:52:54,727 - __main__ - DEBUG - Rows affected: 473
2017-11-28 21:52:55,131 - __main__ - INFO - Instrument: ETR : RIB | Start: 2017-11-28 21:52:50 | End: 2017-11-28 21:52:50
2017-11-28 21:52:55,131 - __main__ - DEBUG - Rows affected: 212
2017-11-28 21:52:55,435 - __main__ - INFO - Instrument: ETR : ABR | Start: 2017-11-28 21:52:50 | End: 2017-11-28 21:52:50
2017-11-28 21:52:55,436 - __main__ - DEBUG - Rows affected: 59
2017-11-28 22:08:36,204 - __main__ - DEBUG - Exchange: ETR
2017-11-28 22:08:37,373 - __main__ - INFO - Instrument: ETR : BMW | Start: 2017-11-28 22:08:36 | End: 2017-11-28 22:08:36
2017-11-28 22:08:37,373 - __main__ - DEBUG - Rows affected: 0
2017-11-28 22:08:37,724 - __main__ - INFO - Instrument: ETR : DTE | Start: 2017-11-28 22:08:36 | End: 2017-11-28 22:08:36
2017-11-28 22:08:37,725 - __main__ - DEBUG - Rows affected: 0
2017-11-28 22:08:38,184 - __main__ - INFO - Instrument: ETR : DBK | Start: 2017-11-28 22:08:36 | End: 2017-11-28 22:08:36
2017-11-28 22:08:38,184 - __main__ - DEBUG - Rows affected: 0
2017-11-28 22:08:38,505 - __main__ - INFO - Instrument: ETR : DPW | Start: 2017-11-28 22:08:37 | End: 2017-11-28 22:08:37
2017-11-28 22:08:38,505 - __main__ - DEBUG - Rows affected: 0
2017-11-28 22:08:38,828 - __main__ - INFO - Instrument: ETR : ALV | Start: 2017-11-28 22:08:36 | End: 2017-11-28 22:08:36
2017-11-28 22:08:38,828 - __main__ - DEBUG - Rows affected: 0
2017-11-28 22:08:39,174 - __main__ - INFO - Instrument: ETR : BAYN | Start: 2017-11-28 22:08:36 | End: 2017-11-28 22:08:36
2017-11-28 22:08:39,174 - __main__ - DEBUG - Rows affected: 0
2017-11-28 22:08:39,520 - __main__ - INFO - Instrument: ETR : FRE | Start: 2017-11-28 22:08:36 | End: 2017-11-28 22:08:36
2017-11-28 22:08:39,520 - __main__ - DEBUG - Rows affected: 0
2017-11-28 22:08:39,767 - __main__ - INFO - Instrument: ETR : N4G | Start: 2017-11-28 22:08:36 | End: 2017-11-28 22:08:36
2017-11-28 22:08:39,767 - __main__ - DEBUG - Rows affected: 0
2017-11-28 22:08:40,096 - __main__ - INFO - Instrument: ETR : SIE | Start: 2017-11-28 22:08:36 | End: 2017-11-28 22:08:36
2017-11-28 22:08:40,096 - __main__ - DEBUG - Rows affected: 0
2017-11-28 22:08:40,458 - __main__ - INFO - Instrument: ETR : BAS | Start: 2017-11-28 22:08:36 | End: 2017-11-28 22:08:36
2017-11-28 22:08:40,459 - __main__ - DEBUG - Rows affected: 0
2017-11-28 22:08:40,827 - __main__ - INFO - Instrument: ETR : EVT | Start: 2017-11-28 22:08:36 | End: 2017-11-28 22:08:36
2017-11-28 22:08:40,827 - __main__ - DEBUG - Rows affected: 0
2017-11-28 22:08:41,221 - __main__ - INFO - Instrument: ETR : DB1 | Start: 2017-11-28 22:08:37 | End: 2017-11-28 22:08:37
2017-11-28 22:08:41,221 - __main__ - DEBUG - Rows affected: 0
2017-11-28 22:08:41,529 - __main__ - INFO - Instrument: ETR : RIB | Start: 2017-11-28 22:08:36 | End: 2017-11-28 22:08:36
2017-11-28 22:08:41,529 - __main__ - DEBUG - Rows affected: 0
2017-11-28 22:08:41,824 - __main__ - INFO - Instrument: ETR : ABR | Start: 2017-11-28 22:08:36 | End: 2017-11-28 22:08:36
2017-11-28 22:08:41,824 - __main__ - DEBUG - Rows affected: 0
2017-11-28 22:10:02,502 - __main__ - DEBUG - Exchange: ETR
2017-11-28 22:10:03,777 - __main__ - INFO - Instrument: ETR : BMW | Start: 2017-11-28 22:10:03 | End: 2017-11-28 22:10:03
2017-11-28 22:10:03,777 - __main__ - DEBUG - Rows affected: 0
2017-11-28 22:10:04,138 - __main__ - INFO - Instrument: ETR : DTE | Start: 2017-11-28 22:10:03 | End: 2017-11-28 22:10:03
2017-11-28 22:10:04,138 - __main__ - DEBUG - Rows affected: 0
2017-11-28 22:10:04,561 - __main__ - INFO - Instrument: ETR : DBK | Start: 2017-11-28 22:10:03 | End: 2017-11-28 22:10:03
2017-11-28 22:10:04,561 - __main__ - DEBUG - Rows affected: 0
2017-11-28 22:10:06,604 - __main__ - INFO - Instrument: ETR : DPW | Start: 2017-11-28 22:10:03 | End: 2017-11-28 22:10:03
2017-11-28 22:10:06,604 - __main__ - DEBUG - Rows affected: 0
2017-11-28 22:10:07,007 - __main__ - INFO - Instrument: ETR : ALV | Start: 2017-11-28 22:10:03 | End: 2017-11-28 22:10:03
2017-11-28 22:10:07,007 - __main__ - DEBUG - Rows affected: 0
2017-11-28 22:10:07,634 - __main__ - INFO - Instrument: ETR : BAYN | Start: 2017-11-28 22:10:03 | End: 2017-11-28 22:10:03
2017-11-28 22:10:07,634 - __main__ - DEBUG - Rows affected: 0
2017-11-28 22:10:07,975 - __main__ - INFO - Instrument: ETR : FRE | Start: 2017-11-28 22:10:03 | End: 2017-11-28 22:10:03
2017-11-28 22:10:07,976 - __main__ - DEBUG - Rows affected: 0
2017-11-28 22:10:08,248 - __main__ - INFO - Instrument: ETR : N4G | Start: 2017-11-28 22:10:03 | End: 2017-11-28 22:10:03
2017-11-28 22:10:08,248 - __main__ - DEBUG - Rows affected: 0
2017-11-28 22:10:08,525 - __main__ - INFO - Instrument: ETR : SIE | Start: 2017-11-28 22:10:03 | End: 2017-11-28 22:10:03
2017-11-28 22:10:08,525 - __main__ - DEBUG - Rows affected: 0
2017-11-28 22:10:08,850 - __main__ - INFO - Instrument: ETR : BAS | Start: 2017-11-28 22:10:03 | End: 2017-11-28 22:10:03
2017-11-28 22:10:08,850 - __main__ - DEBUG - Rows affected: 0
2017-11-28 22:10:09,236 - __main__ - INFO - Instrument: ETR : EVT | Start: 2017-11-28 22:10:03 | End: 2017-11-28 22:10:03
2017-11-28 22:10:09,236 - __main__ - DEBUG - Rows affected: 0
2017-11-28 22:10:09,550 - __main__ - INFO - Instrument: ETR : DB1 | Start: 2017-11-28 22:10:03 | End: 2017-11-28 22:10:03
2017-11-28 22:10:09,550 - __main__ - DEBUG - Rows affected: 0
2017-11-28 22:10:09,878 - __main__ - INFO - Instrument: ETR : RIB | Start: 2017-11-28 22:10:03 | End: 2017-11-28 22:10:03
2017-11-28 22:10:09,878 - __main__ - DEBUG - Rows affected: 0
2017-11-28 22:10:12,687 - __main__ - INFO - Instrument: ETR : ABR | Start: 2017-11-28 22:10:03 | End: 2017-11-28 22:10:03
2017-11-28 22:10:12,688 - __main__ - DEBUG - Rows affected: 0
